Classfile /F:/working/git_mine/JavaCourseHomework/01jvm/homework1/target/classes/HelloIf.class
  Last modified 2022Äê4ÔÂ29ÈÕ; size 612 bytes
  MD5 checksum 6f4e11e6341a088ac871fb5c8f9b7619
  Compiled from "HelloIf.java"
public class HelloIf
  minor version: 0
  major version: 55
  flags: (0x0021) ACC_PUBLIC, ACC_SUPER
  this_class: #2                          // HelloIf
  super_class: #3                         // java/lang/Object
  interfaces: 0, fields: 0, methods: 2, attributes: 1
Constant pool:
   #1 = Methodref          #3.#25         // java/lang/Object."<init>":()V
   #2 = Class              #26            // HelloIf
   #3 = Class              #27            // java/lang/Object
   #4 = Utf8               <init>
   #5 = Utf8               ()V
   #6 = Utf8               Code
   #7 = Utf8               LineNumberTable
   #8 = Utf8               LocalVariableTable
   #9 = Utf8               this
  #10 = Utf8               LHelloIf;
  #11 = Utf8               main
  #12 = Utf8               ([Ljava/lang/String;)V
  #13 = Utf8               i
  #14 = Utf8               I
  #15 = Utf8               args
  #16 = Utf8               [Ljava/lang/String;
  #17 = Utf8               num_arr
  #18 = Utf8               [I
  #19 = Utf8               result
  #20 = Utf8               D
  #21 = Utf8               StackMapTable
  #22 = Class              #18            // "[I"
  #23 = Utf8               SourceFile
  #24 = Utf8               HelloIf.java
  #25 = NameAndType        #4:#5          // "<init>":()V
  #26 = Utf8               HelloIf
  #27 = Utf8               java/lang/Object
{
  public HelloIf();
    descriptor: ()V
    flags: (0x0001) ACC_PUBLIC
    Code:
      stack=1, locals=1, args_size=1
         0: aload_0
         1: invokespecial #1                  // Method java/lang/Object."<init>":()V
         4: return
      LineNumberTable:
        line 1: 0
      LocalVariableTable:
        Start  Length  Slot  Name   Signature
            0       5     0  this   LHelloIf;

  public static void main(java.lang.String[]);
    descriptor: ([Ljava/lang/String;)V
    flags: (0x0009) ACC_PUBLIC, ACC_STATIC
    Code:
      stack=4, locals=5, args_size=1
         0: iconst_4
         1: newarray       int
         3: dup
         4: iconst_0
         5: iconst_1
         6: iastore
         7: dup
         8: iconst_1
         9: iconst_2
        10: iastore
        11: dup
        12: iconst_2
        13: iconst_3
        14: iastore
        15: dup
        16: iconst_3
        17: iconst_4
        18: iastore
        19: astore_1
        20: dconst_0
        21: dstore_2
        22: iconst_0
        23: istore        4
        25: iload         4
        27: aload_1
        28: arraylength
        29: if_icmpge     96
        32: iload         4
        34: ifne          48
        37: dload_2
        38: aload_1
        39: iload         4
        41: iaload
        42: i2d
        43: dadd
        44: dstore_2
        45: goto          90
        48: iload         4
        50: iconst_1
        51: if_icmpne     65
        54: dload_2
        55: aload_1
        56: iload         4
        58: iaload
        59: i2d
        60: dsub
        61: dstore_2
        62: goto          90
        65: iload         4
        67: iconst_2
        68: if_icmpne     82
        71: dload_2
        72: aload_1
        73: iload         4
        75: iaload
        76: i2d
        77: dmul
        78: dstore_2
        79: goto          90
        82: dload_2
        83: aload_1
        84: iload         4
        86: iaload
        87: i2d
        88: ddiv
        89: dstore_2
        90: iinc          4, 1
        93: goto          25
        96: return
      LineNumberTable:
        line 3: 0
        line 4: 20
        line 5: 22
        line 6: 32
        line 7: 37
        line 8: 48
        line 9: 54
        line 10: 65
        line 11: 71
        line 13: 82
        line 5: 90
        line 16: 96
      LocalVariableTable:
        Start  Length  Slot  Name   Signature
           25      71     4     i   I
            0      97     0  args   [Ljava/lang/String;
           20      77     1 num_arr   [I
           22      75     2 result   D
      StackMapTable: number_of_entries = 6
        frame_type = 254 /* append */
          offset_delta = 25
          locals = [ class "[I", double, int ]
        frame_type = 22 /* same */
        frame_type = 16 /* same */
        frame_type = 16 /* same */
        frame_type = 7 /* same */
        frame_type = 250 /* chop */
          offset_delta = 5
}
SourceFile: "HelloIf.java"
